  [4;36;1mSQL (0.0ms)[0m   [0;1m SELECT name
 FROM sqlite_master
 WHERE type = 'table' AND NOT name = 'sqlite_sequence'
[0m
  [4;35;1mSQL (0.0ms)[0m   [0mselect sqlite_version(*)[0m
  [4;36;1mSQL (109.4ms)[0m   [0;1mCREATE TABLE "schema_migrations" ("version" varchar(255) NOT NULL) [0m
  [4;35;1mSQL (109.4ms)[0m   [0mCREATE UNIQUE INDEX "unique_schema_migrations" ON "schema_migrations" ("version")[0m
  [4;36;1mSQL (0.0ms)[0m   [0;1m SELECT name
 FROM sqlite_master
 WHERE type = 'table' AND NOT name = 'sqlite_sequence'
[0m
  [4;35;1mSQL (0.0ms)[0m   [0mSELECT version FROM schema_migrations[0m
Migrating to CreateBooks (20100308160717)
  [4;36;1mSQL (0.0ms)[0m   [0;1mCREATE TABLE "books" ("id" INTEGER PRIMARY KEY AUTOINCREMENT NOT NULL, "title" varchar(255), "author" varchar(255), "created_at" datetime, "updated_at" datetime) [0m
  [4;35;1mSQL (0.0ms)[0m   [0mINSERT INTO schema_migrations (version) VALUES ('20100308160717')[0m
  [4;36;1mSQL (15.6ms)[0m   [0;1m SELECT name
 FROM sqlite_master
 WHERE type = 'table' AND NOT name = 'sqlite_sequence'
[0m
  [4;35;1mSQL (0.0ms)[0m   [0mSELECT version FROM schema_migrations[0m
  [4;36;1mSQL (0.0ms)[0m   [0;1m SELECT name
 FROM sqlite_master
 WHERE type = 'table' AND NOT name = 'sqlite_sequence'
[0m
  [4;35;1mSQL (0.0ms)[0m   [0mPRAGMA index_list("books")[0m


Processing BooksController#index (for 127.0.0.1 at 2010-03-08 11:21:12) [GET]
  [4;36;1mBook Load (0.0ms)[0m   [0;1mSELECT * FROM "books" [0m
Rendering template within layouts/books
Rendering books/index
Completed in 1922ms (View: 1906, DB: 0) | 200 OK [http://localhost/books]


Processing BooksController#new (for 127.0.0.1 at 2010-03-08 11:21:18) [GET]
Rendering template within layouts/books
Rendering books/new
Completed in 47ms (View: 31, DB: 0) | 200 OK [http://localhost/books/new]


Processing BooksController#create (for 127.0.0.1 at 2010-03-08 11:21:21) [POST]
  Parameters: {"authenticity_token"=>"BMh3R2WsPsksYQiCWQ31bQ3eShuQbMEhQQgY/wdYfYE=", "book"=>{"title"=>"test", "author"=>"test"}, "commit"=>"Create"}
  [4;35;1mBook Create (15.6ms)[0m   [0mINSERT INTO "books" ("title", "author", "created_at", "updated_at") VALUES('test', 'test', '2010-03-08 16:21:21', '2010-03-08 16:21:21')[0m
Redirected to http://localhost:3000/books/1
Completed in 219ms (DB: 16) | 302 Found [http://localhost/books]


Processing BooksController#show (for 127.0.0.1 at 2010-03-08 11:21:21) [GET]
  Parameters: {"id"=>"1"}
  [4;36;1mBook Load (0.0ms)[0m   [0;1mSELECT * FROM "books" WHERE ("books"."id" = 1) [0m
Rendering template within layouts/books
Rendering books/show
Completed in 31ms (View: 16, DB: 0) | 200 OK [http://localhost/books/1]


Processing BooksController#index (for 127.0.0.1 at 2010-03-08 11:21:31) [GET]
  [4;35;1mBook Load (0.0ms)[0m   [0mSELECT * FROM "books" [0m
Rendering template within layouts/books
Rendering books/index
Completed in 16ms (View: 16, DB: 0) | 200 OK [http://localhost/books]


Processing BooksController#destroy (for 127.0.0.1 at 2010-03-08 11:21:37) [DELETE]
  Parameters: {"authenticity_token"=>"BMh3R2WsPsksYQiCWQ31bQ3eShuQbMEhQQgY/wdYfYE=", "id"=>"1"}
  [4;36;1mBook Load (0.0ms)[0m   [0;1mSELECT * FROM "books" WHERE ("books"."id" = 1) [0m
  [4;35;1mBook Destroy (0.0ms)[0m   [0mDELETE FROM "books" WHERE "id" = 1[0m
Redirected to http://localhost:3000/books
Completed in 141ms (DB: 0) | 302 Found [http://localhost/books/1]


Processing BooksController#index (for 127.0.0.1 at 2010-03-08 11:21:37) [GET]
  [4;36;1mBook Load (0.0ms)[0m   [0;1mSELECT * FROM "books" [0m
Rendering template within layouts/books
Rendering books/index
Completed in 16ms (View: 0, DB: 0) | 200 OK [http://localhost/books]
